#
# A fatal error has been detected by the Java Runtime Environment:
#
#  EXCEPTION_ACCESS_VIOLATION (0xc0000005) at pc=0x5dfc433b, pid=5300, tid=0x00001774
#
# JRE version: Java(TM) SE Runtime Environment (8.0_161-b12) (build 1.8.0_161-b12)
# Java VM: Java HotSpot(TM) Client VM (25.161-b12 mixed mode, sharing windows-x86 )
# Problematic frame:
# V  [jvm.dll+0x9433b]
#
# Failed to write core dump. Minidumps are not enabled by default on client versions of Windows
#
# If you would like to submit a bug report, please visit:
#   http://bugreport.java.com/bugreport/crash.jsp
#

---------------  T H R E A D  ---------------

Current thread (0x011a3800):  VMThread [stack: 0x03ba0000,0x03bf0000] [id=6004]

siginfo: ExceptionCode=0xc0000005, reading address 0x15c46a58

Registers:
EAX=0x5e20d001, EBX=0x03bef73c, ECX=0x15c469e8, EDX=0x5dfc4330
ESP=0x03bef560, EBP=0x03bef564, ESI=0x03bef73c, EDI=0x15087cc0
EIP=0x5dfc433b, EFLAGS=0x00010206

Top of Stack: (sp=0x03bef560)
0x03bef560:   15c469e8 03bef57c 5df6d7e1 15c469e8
0x03bef570:   15087cc0 03bef700 03bef700 03bef590
0x03bef580:   5dfce2d8 03bef760 03bef73c 00000000
0x03bef590:   03bef5a8 5df6dadb 15087cc0 01183ff0
0x03bef5a0:   00000000 03bef700 03bef5cc 5dfc8cc6
0x03bef5b0:   03bef700 03bef700 01183ff0 03bef760
0x03bef5c0:   00000000 00000001 01183ff0 03bef610
0x03bef5d0:   5dfc9fe1 00000001 00000010 03bef760 

Instructions: (pc=0x5dfc433b)
0x5dfc431b:   8b 48 38 89 4e 0c 8b c6 5e 5d c2 04 00 cc cc cc
0x5dfc432b:   cc cc cc cc cc 55 8b ec 56 8b f1 8b 4d 08 b0 01
0x5dfc433b:   38 41 70 75 2b 80 7e 0c 00 74 03 88 41 71 c6 41
0x5dfc434b:   70 00 8b 46 08 89 48 1c 8b 11 8b 46 08 8b 92 b4 


Register to memory mapping:

EAX=0x5e20d001 is an unknown value
EBX=0x03bef73c is an unknown value
ECX=
[error occurred during error reporting (printing register info), id 0xc0000005]

Stack: [0x03ba0000,0x03bf0000],  sp=0x03bef560,  free space=317k
Native frames: (J=compiled Java code, j=interpreted, Vv=VM code, C=native code)
V  [jvm.dll+0x9433b]
V  [jvm.dll+0x3d7e1]
V  [jvm.dll+0x9e2d8]
V  [jvm.dll+0x3dadb]
V  [jvm.dll+0x98cc6]
V  [jvm.dll+0x99fe1]
V  [jvm.dll+0x95ef9]
V  [jvm.dll+0x99bb3]
V  [jvm.dll+0x93b25]
V  [jvm.dll+0x1b9ef6]
V  [jvm.dll+0x18411b]
V  [jvm.dll+0x183521]
V  [jvm.dll+0x183937]
V  [jvm.dll+0x183b32]
V  [jvm.dll+0x1c3be6]
C  [msvcr100.dll+0x10fac]
C  [msvcr100.dll+0x110b1]
C  [kernel32.dll+0x51194]
C  [ntdll.dll+0x5b429]
C  [ntdll.dll+0x5b3fc]

VM_Operation (0x01b9ecd0): GenCollectForAllocation, mode: safepoint, requested by thread 0x0114cc00


---------------  P R O C E S S  ---------------

Java Threads: ( => current thread )
  0x15112000 JavaThread "ReaderThread" [_thread_in_native, id=1376, stack(0x15370000,0x153c0000)]
  0x01229c00 JavaThread "Service Thread" daemon [_thread_blocked, id=1124, stack(0x14f70000,0x14fc0000)]
  0x01222400 JavaThread "C1 CompilerThread0" daemon [_thread_blocked, id=5984, stack(0x14e30000,0x14e80000)]
  0x01221000 JavaThread "Attach Listener" daemon [_thread_blocked, id=1516, stack(0x146e0000,0x14730000)]
  0x0121e000 JavaThread "Signal Dispatcher" daemon [_thread_blocked, id=3176, stack(0x14ee0000,0x14f30000)]
  0x01204400 JavaThread "Finalizer" daemon [_thread_blocked, id=5096, stack(0x147a0000,0x147f0000)]
  0x011a5c00 JavaThread "Reference Handler" daemon [_thread_blocked, id=2088, stack(0x14730000,0x14780000)]
  0x0114cc00 JavaThread "main" [_thread_blocked, id=5560, stack(0x01b50000,0x01ba0000)]

Other Threads:
=>0x011a3800 VMThread [stack: 0x03ba0000,0x03bf0000] [id=6004]
  0x0122b000 WatcherThread [stack: 0x14fc0000,0x15010000] [id=4632]

VM state:at safepoint (normal execution)

VM Mutex/Monitor currently owned by a thread:  ([mutex/lock_event])
[0x0114af98] Threads_lock - owner thread: 0x011a3800
[0x0114b3a8] Heap_lock - owner thread: 0x0114cc00

Heap:
 def new generation   total 4992K, used 4992K [0x03c00000, 0x04160000, 0x09150000)
  eden space 4480K, 100% used [0x03c00000, 0x04060000, 0x04060000)
  from space 512K, 100% used [0x040e0000, 0x04160000, 0x04160000)
  to   space 512K,  31% used [0x04060000, 0x04087eb0, 0x040e0000)
 tenured generation   total 10944K, used 7420K [0x09150000, 0x09c00000, 0x13c00000)
   the space 10944K,  67% used [0x09150000, 0x0988f308, 0x0988f400, 0x09c00000)
 Metaspace       used 4902K, capacity 11486K, committed 11520K, reserved 11648K

Card table byte_map: [0x012e0000,0x01370000] byte_map_base: 0x012c2000

Polling page: 0x00170000

CodeCache: size=32768Kb used=1283Kb max_used=1286Kb free=31484Kb
 bounds [0x01ba0000, 0x01ce8000, 0x03ba0000]
 total_blobs=570 nmethods=414 adapters=87
 compilation: enabled

Compilation events (10 events):
Event: 3.816 Thread 0x01222400  411             java.lang.System$2::invokeFinalize (5 bytes)
Event: 3.816 Thread 0x01222400 nmethod 411 0x01ce0a88 code [0x01ce0b90, 0x01ce0c2c]
Event: 3.816 Thread 0x01222400  412             java.io.FileInputStream::finalize (22 bytes)
Event: 3.816 Thread 0x01222400 nmethod 412 0x01ce0c88 code [0x01ce0d90, 0x01ce0e3c]
Event: 7.029 Thread 0x01222400  413 %           test.ClassLoaderTest::classLoad @ 19 (55 bytes)
Event: 7.030 Thread 0x01222400 nmethod 413% 0x01ce0e88 code [0x01ce1030, 0x01ce1454]
Event: 7.259 Thread 0x01222400  414 %           java.lang.ref.Reference$ReferenceHandler::run @ 0 (8 bytes)
Event: 7.259 Thread 0x01222400 nmethod 414% 0x01c7d008 code [0x01c7d110, 0x01c7d1bc]
Event: 7.259 Thread 0x01222400  415 % !         java.lang.ref.Finalizer$FinalizerThread::run @ 33 (55 bytes)
Event: 7.260 Thread 0x01222400 nmethod 415% 0x01c7c788 code [0x01c7c8e0, 0x01c7cc94]

GC Heap History (10 events):
Event: 28.079 GC heap after
Heap after GC invocations=121 (full 20):
 def new generation   total 4992K, used 0K [0x03c00000, 0x04160000, 0x09150000)
  eden space 4480K,   0% used [0x03c00000, 0x03c00000, 0x04060000)
  from space 512K,   0% used [0x040e0000, 0x040e0000, 0x04160000)
  to   space 512K,   0% used [0x04060000, 0x04060000, 0x040e0000)
 tenured generation   total 10944K, used 2214K [0x09150000, 0x09c00000, 0x13c00000)
   the space 10944K,  20% used [0x09150000, 0x093799f0, 0x09379a00, 0x09c00000)
 Metaspace       used 1154K, capacity 2600K, committed 5120K, reserved 5504K
}
Event: 28.273 GC heap before
{Heap before GC invocations=121 (full 20):
 def new generation   total 4992K, used 4480K [0x03c00000, 0x04160000, 0x09150000)
  eden space 4480K, 100% used [0x03c00000, 0x04060000, 0x04060000)
  from space 512K,   0% used [0x040e0000, 0x040e0000, 0x04160000)
  to   space 512K,   0% used [0x04060000, 0x04060000, 0x040e0000)
 tenured generation   total 10944K, used 2214K [0x09150000, 0x09c00000, 0x13c00000)
   the space 10944K,  20% used [0x09150000, 0x093799f0, 0x09379a00, 0x09c00000)
 Metaspace       used 1904K, capacity 4378K, committed 5120K, reserved 5504K
Event: 28.278 GC heap after
Heap after GC invocations=122 (full 20):
 def new generation   total 4992K, used 512K [0x03c00000, 0x04160000, 0x09150000)
  eden space 4480K,   0% used [0x03c00000, 0x03c00000, 0x04060000)
  from space 512K, 100% used [0x04060000, 0x040e0000, 0x040e0000)
  to   space 512K,   0% used [0x040e0000, 0x040e0000, 0x04160000)
 tenured generation   total 10944K, used 3111K [0x09150000, 0x09c00000, 0x13c00000)
   the space 10944K,  28% used [0x09150000, 0x09459fa0, 0x0945a000, 0x09c00000)
 Metaspace       used 1904K, capacity 4378K, committed 5120K, reserved 5504K
}
Event: 28.471 GC heap before
{Heap before GC invocations=122 (full 20):
 def new generation   total 4992K, used 4992K [0x03c00000, 0x04160000, 0x09150000)
  eden space 4480K, 100% used [0x03c00000, 0x04060000, 0x04060000)
  from space 512K, 100% used [0x04060000, 0x040e0000, 0x040e0000)
  to   space 512K,   0% used [0x040e0000, 0x040e0000, 0x04160000)
 tenured generation   total 10944K, used 3111K [0x09150000, 0x09c00000, 0x13c00000)
   the space 10944K,  28% used [0x09150000, 0x09459fa0, 0x0945a000, 0x09c00000)
 Metaspace       used 2653K, capacity 6154K, committed 6272K, reserved 6528K
Event: 28.478 GC heap after
Heap after GC invocations=123 (full 20):
 def new generation   total 4992K, used 512K [0x03c00000, 0x04160000, 0x09150000)
  eden space 4480K,   0% used [0x03c00000, 0x03c00000, 0x04060000)
  from space 512K, 100% used [0x040e0000, 0x04160000, 0x04160000)
  to   space 512K,   0% used [0x04060000, 0x04060000, 0x040e0000)
 tenured generation   total 10944K, used 4520K [0x09150000, 0x09c00000, 0x13c00000)
   the space 10944K,  41% used [0x09150000, 0x095ba1d8, 0x095ba200, 0x09c00000)
 Metaspace       used 2653K, capacity 6154K, committed 6272K, reserved 6528K
}
Event: 28.676 GC heap before
{Heap before GC invocations=123 (full 20):
 def new generation   total 4992K, used 4992K [0x03c00000, 0x04160000, 0x09150000)
  eden space 4480K, 100% used [0x03c00000, 0x04060000, 0x04060000)
  from space 512K, 100% used [0x040e0000, 0x04160000, 0x04160000)
  to   space 512K,   0% used [0x04060000, 0x04060000, 0x040e0000)
 tenured generation   total 10944K, used 4520K [0x09150000, 0x09c00000, 0x13c00000)
   the space 10944K,  41% used [0x09150000, 0x095ba1d8, 0x095ba200, 0x09c00000)
 Metaspace       used 3403K, capacity 7932K, committed 7936K, reserved 8576K
Event: 28.682 GC heap after
Heap after GC invocations=124 (full 20):
 def new generation   total 4992K, used 512K [0x03c00000, 0x04160000, 0x09150000)
  eden space 4480K,   0% used [0x03c00000, 0x03c00000, 0x04060000)
  from space 512K, 100% used [0x04060000, 0x040e0000, 0x040e0000)
  to   space 512K,   0% used [0x040e0000, 0x040e0000, 0x04160000)
 tenured generation   total 10944K, used 5929K [0x09150000, 0x09c00000, 0x13c00000)
   the space 10944K,  54% used [0x09150000, 0x0971a6b0, 0x0971a800, 0x09c00000)
 Metaspace       used 3403K, capacity 7932K, committed 7936K, reserved 8576K
}
Event: 28.884 GC heap before
{Heap before GC invocations=124 (full 20):
 def new generation   total 4992K, used 4992K [0x03c00000, 0x04160000, 0x09150000)
  eden space 4480K, 100% used [0x03c00000, 0x04060000, 0x04060000)
  from space 512K, 100% used [0x04060000, 0x040e0000, 0x040e0000)
  to   space 512K,   0% used [0x040e0000, 0x040e0000, 0x04160000)
 tenured generation   total 10944K, used 5929K [0x09150000, 0x09c00000, 0x13c00000)
   the space 10944K,  54% used [0x09150000, 0x0971a6b0, 0x0971a800, 0x09c00000)
 Metaspace       used 4152K, capacity 9708K, committed 9728K, reserved 10624K
Event: 28.890 GC heap after
Heap after GC invocations=125 (full 20):
 def new generation   total 4992K, used 512K [0x03c00000, 0x04160000, 0x09150000)
  eden space 4480K,   0% used [0x03c00000, 0x03c00000, 0x04060000)
  from space 512K, 100% used [0x040e0000, 0x04160000, 0x04160000)
  to   space 512K,   0% used [0x04060000, 0x04060000, 0x040e0000)
 tenured generation   total 10944K, used 7338K [0x09150000, 0x09c00000, 0x13c00000)
   the space 10944K,  67% used [0x09150000, 0x0987a9e8, 0x0987aa00, 0x09c00000)
 Metaspace       used 4152K, capacity 9708K, committed 9728K, reserved 10624K
}
Event: 29.092 GC heap before
{Heap before GC invocations=125 (full 20):
 def new generation   total 4992K, used 4992K [0x03c00000, 0x04160000, 0x09150000)
  eden space 4480K, 100% used [0x03c00000, 0x04060000, 0x04060000)
  from space 512K, 100% used [0x040e0000, 0x04160000, 0x04160000)
  to   space 512K,   0% used [0x04060000, 0x04060000, 0x040e0000)
 tenured generation   total 10944K, used 7338K [0x09150000, 0x09c00000, 0x13c00000)
   the space 10944K,  67% used [0x09150000, 0x0987a9e8, 0x0987aa00, 0x09c00000)
 Metaspace       used 4902K, capacity 11486K, committed 11520K, reserved 11648K

Deoptimization events (0 events):
No events

Classes redefined (0 events):
No events

Internal exceptions (6 events):
Event: 0.112 Thread 0x0114cc00 Exception <a 'java/lang/NoSuchMethodError': Method sun.misc.Unsafe.defineClass(Ljava/lang/String;[BII)Ljava/lang/Class; name or signature does not match> (0x03c079b8) thrown at [C:\re\workspace\8-2-build-windows-i586-cygwin\jdk8u161\10277\hotspot\src\shar
Event: 0.112 Thread 0x0114cc00 Exception <a 'java/lang/NoSuchMethodError': Method sun.misc.Unsafe.prefetchRead(Ljava/lang/Object;J)V name or signature does not match> (0x03c07c88) thrown at [C:\re\workspace\8-2-build-windows-i586-cygwin\jdk8u161\10277\hotspot\src\share\vm\prims\jni.cpp
Event: 0.444 Thread 0x0114cc00 Exception <a 'java/security/PrivilegedActionException'> (0x03d98878) thrown at [C:\re\workspace\8-2-build-windows-i586-cygwin\jdk8u161\10277\hotspot\src\share\vm\prims\jvm.cpp, line 1390]
Event: 0.445 Thread 0x0114cc00 Exception <a 'java/security/PrivilegedActionException'> (0x03d98c58) thrown at [C:\re\workspace\8-2-build-windows-i586-cygwin\jdk8u161\10277\hotspot\src\share\vm\prims\jvm.cpp, line 1390]
Event: 0.447 Thread 0x0114cc00 Exception <a 'java/security/PrivilegedActionException'> (0x03d9cac0) thrown at [C:\re\workspace\8-2-build-windows-i586-cygwin\jdk8u161\10277\hotspot\src\share\vm\prims\jvm.cpp, line 1390]
Event: 0.447 Thread 0x0114cc00 Exception <a 'java/security/PrivilegedActionException'> (0x03d9cea0) thrown at [C:\re\workspace\8-2-build-windows-i586-cygwin\jdk8u161\10277\hotspot\src\share\vm\prims\jvm.cpp, line 1390]

Events (10 events):
Event: 28.079 Executing VM operation: CollectForMetadataAllocation done
Event: 28.273 Executing VM operation: GenCollectForAllocation
Event: 28.278 Executing VM operation: GenCollectForAllocation done
Event: 28.471 Executing VM operation: GenCollectForAllocation
Event: 28.478 Executing VM operation: GenCollectForAllocation done
Event: 28.676 Executing VM operation: GenCollectForAllocation
Event: 28.683 Executing VM operation: GenCollectForAllocation done
Event: 28.883 Executing VM operation: GenCollectForAllocation
Event: 28.890 Executing VM operation: GenCollectForAllocation done
Event: 29.092 Executing VM operation: GenCollectForAllocation


Dynamic libraries:
0x013e0000 - 0x01413000 	C:\Program Files\Java\jdk1.8.0_161\bin\javaw.exe
0x77250000 - 0x7738d000 	C:\Windows\SYSTEM32\ntdll.dll
0x76d80000 - 0x76e54000 	C:\Windows\system32\kernel32.dll
0x75600000 - 0x7564a000 	C:\Windows\system32\KERNELBASE.dll
0x75b10000 - 0x75bb0000 	C:\Windows\system32\ADVAPI32.dll
0x75e50000 - 0x75efc000 	C:\Windows\system32\msvcrt.dll
0x76100000 - 0x76119000 	C:\Windows\SYSTEM32\sechost.dll
0x771a0000 - 0x77241000 	C:\Windows\system32\RPCRT4.dll
0x770d0000 - 0x77199000 	C:\Windows\system32\USER32.dll
0x757f0000 - 0x7583e000 	C:\Windows\system32\GDI32.dll
0x75840000 - 0x7584a000 	C:\Windows\system32\LPK.dll
0x75db0000 - 0x75e4d000 	C:\Windows\system32\USP10.dll
0x743a0000 - 0x7453e000 	C:\Windows\WinSxS\x86_microsoft.windows.common-controls_6595b64144ccf1df_6.0.7600.16661_none_420fe3fa2b8113bd\COMCTL32.dll
0x76e60000 - 0x76eb7000 	C:\Windows\system32\SHLWAPI.dll
0x75850000 - 0x7586f000 	C:\Windows\system32\IMM32.DLL
0x76f40000 - 0x7700c000 	C:\Windows\system32\MSCTF.dll
0x5b6e0000 - 0x5b79d000 	C:\Program Files\Java\jdk1.8.0_161\jre\bin\msvcr100.dll
0x5df30000 - 0x5e300000 	C:\Program Files\Java\jdk1.8.0_161\jre\bin\client\jvm.dll
0x6ccf0000 - 0x6ccf7000 	C:\Windows\system32\WSOCK32.dll
0x75970000 - 0x759a5000 	C:\Windows\system32\WS2_32.dll
0x77390000 - 0x77396000 	C:\Windows\system32\NSI.dll
0x73a70000 - 0x73aa2000 	C:\Windows\system32\WINMM.dll
0x74990000 - 0x74999000 	C:\Windows\system32\VERSION.dll
0x756a0000 - 0x756a5000 	C:\Windows\system32\PSAPI.DLL
0x66030000 - 0x6603c000 	C:\Program Files\Java\jdk1.8.0_161\jre\bin\verify.dll
0x5df00000 - 0x5df22000 	C:\Program Files\Java\jdk1.8.0_161\jre\bin\java.dll
0x620f0000 - 0x62104000 	C:\Program Files\Java\jdk1.8.0_161\jre\bin\zip.dll
0x76120000 - 0x76d69000 	C:\Windows\system32\SHELL32.dll
0x759b0000 - 0x75b0c000 	C:\Windows\system32\ole32.dll
0x753a0000 - 0x753ab000 	C:\Windows\system32\profapi.dll
0x5dee0000 - 0x5def5000 	C:\Program Files\Java\jdk1.8.0_161\jre\bin\net.dll
0x74de0000 - 0x74e1c000 	C:\Windows\system32\mswsock.dll
0x74dd0000 - 0x74dd6000 	C:\Windows\System32\wship6.dll
0x6d630000 - 0x6d71b000 	C:\Windows\system32\dbghelp.dll

VM Arguments:
jvm_args: -ea -Dfile.encoding=GBK 
java_command: org.eclipse.jdt.internal.junit.runner.RemoteTestRunner -version 3 -port 51643 -testLoaderClass org.eclipse.jdt.internal.junit4.runner.JUnit4TestLoader -loaderpluginname org.eclipse.jdt.junit4.runtime -test test.ClassLoaderTest:classLoad
java_class_path (initial): E:\workSpace\Util5\bin;F:\xvxm\32\eclipse\plugins\org.junit_4.12.0.v201504281640\junit.jar;F:\xvxm\32\eclipse\plugins\org.hamcrest.core_1.3.0.v201303031735.jar;C:\Users\wlh\.m2\repository\org\freemarker\freemarker\2.3.23\freemarker-2.3.23.jar;F:\xvxm\32\eclipse\configuration\org.eclipse.osgi\413\0\.cp;F:\xvxm\32\eclipse\configuration\org.eclipse.osgi\412\0\.cp
Launcher Type: SUN_STANDARD

Environment Variables:
JAVA_HOME=C:\Program Files\Java\jdk1.8.0_161
CLASSPATH=.
PATH=C:/Program Files/Java/jdk1.8.0_161/bin/../jre/bin/client;C:/Program Files/Java/jdk1.8.0_161/bin/../jre/bin;C:/Program Files/Java/jdk1.8.0_161/bin/../jre/lib/i386;C:\Program Files\Java\jdk1.8.0_161\bin;D:\maven_jdk8\apache-maven-3.5.0\bin;C:\Windows\system32;C:\Windows;C:\Windows\System32\Wbem;C:\Windows\System32\WindowsPowerShell\v1.0\;C:\Program Files\Intel\WiFi\bin\;C:\Program Files\Common Files\Intel\WirelessCommon\\WirelessCommon\;C:\Program Files\Intel\WiFi\bin\;C:\Program Files\Common Files\Intel\WirelessCommon\;F:\xvxm\32\eclipse;
USERNAME=wlh
OS=Windows_NT
PROCESSOR_IDENTIFIER=x86 Family 6 Model 60 Stepping 3, GenuineIntel



---------------  S Y S T E M  ---------------

OS: Windows 7 Build 7600 (6.1.7600.16481)

CPU:total 2 (initial active 2) (2 cores per cpu, 1 threads per core) family 6 model 60 stepping 3, cmov, cx8, fxsr, mmx, sse, sse2, sse3, ssse3, sse4.1, sse4.2, popcnt, clmul, erms, lzcnt, tsc, tscinvbit

Memory: 4k page, physical 3327528k(1523596k free), swap 6653296k(4579412k free)

vm_info: Java HotSpot(TM) Client VM (25.161-b12) for windows-x86 JRE (1.8.0_161-b12), built on Dec 19 2017 17:09:29 by "java_re" with MS VC++ 10.0 (VS2010)

time: Wed May 02 00:05:16 2018
elapsed time: 29 seconds (0d 0h 0m 29s)

